#
# A fatal error has been detected by the Java Runtime Environment:
#
#  SIGBUS (0xa) at pc=0x0000000106853eb9, pid=53087, tid=6915
#
# JRE version: Java(TM) SE Runtime Environment (8.0_60-b27) (build 1.8.0_60-b27)
# Java VM: Java HotSpot(TM) 64-Bit Server VM (25.60-b23 mixed mode bsd-amd64 compressed oops)
# Problematic frame:
# C  [libzip.dylib+0x2eb9]  newEntry+0x154
#
# Failed to write core dump. Core dumps have been disabled. To enable core dumping, try "ulimit -c unlimited" before starting Java again
#
# If you would like to submit a bug report, please visit:
#   http://bugreport.java.com/bugreport/crash.jsp
# The crash happened outside the Java Virtual Machine in native code.
# See problematic frame for where to report the bug.
#

---------------  T H R E A D  ---------------

Current thread (0x00007ff1ef810000):  JavaThread "main" [_thread_in_native, id=6915, stack(0x000070000ef4f000,0x000070000f04f000)]

siginfo: si_signo: 10 (SIGBUS), si_code: 2 (BUS_ADRERR), si_addr: 0x000000011fe1b94f

Registers:
RAX=0x00007ff1ee600930, RBX=0x000000011fe1b943, RCX=0x0000000000000001, RDX=0x0000000000000b00
RSP=0x000070000f04aab0, RBP=0x000070000f04ab10, RSI=0x0000000000100000, RDI=0x0000000000000bc5
R8 =0x0000000000000048, R9 =0x00007ff1ee4bc4f0, R10=0x00000000fff00000, R11=0x0000000105e0afba
R12=0x00007ff1f0009c00, R13=0x0000000000018890, R14=0x0000000027bb1b33, R15=0x00007ff1ee7a8190
RIP=0x0000000106853eb9, EFLAGS=0x0000000000010202, ERR=0x0000000000000004
  TRAPNO=0x000000000000000e

Top of Stack: (sp=0x000070000f04aab0)
0x000070000f04aab0:   000070000f04aaf0 00000000059b8f6d
0x000070000f04aac0:   40102a843050d5b0 00007ff1ee700d90
0x000070000f04aad0:   000070000f04aaf0 00007ff1ee600930
0x000070000f04aae0:   00007ff1ee4bc4f0 00007ff1ee600930
0x000070000f04aaf0:   00007ff1f0009c00 0000000000018890
0x000070000f04ab00:   0000000027bb1b33 00007ff1ee7a8190
0x000070000f04ab10:   000070000f04ab70 0000000106854554
0x000070000f04ab20:   00007ff1ee7056aa 00007ff1ee7056a9
0x000070000f04ab30:   0000004800000000 0000004900000000
0x000070000f04ab40:   00007ff1ee705660 000070000f04abc4
0x000070000f04ab50:   00007ff1ee4001c0 00000001060ada40
0x000070000f04ab60:   000070000f04ac94 00007ff1ee705660
0x000070000f04ab70:   000070000f04aba0 00000001068546c2
0x000070000f04ab80:   000070000f04aba0 0000000000000000
0x000070000f04ab90:   000070000f04ac94 00007ff1ee705660
0x000070000f04aba0:   000070000f04ac80 000000010598abe1
0x000070000f04abb0:   000070000f04af08 0000003000000018
0x000070000f04abc0:   000070000f04abe0 00007ff1ef810000
0x000070000f04abd0:   000070000f04acb0 0000000105a3fb4e
0x000070000f04abe0:   0000000104f48000 00007ff123f31700
0x000070000f04abf0:   00007ff1ee7054c0 0000000000000043
0x000070000f04ac00:   0000000000000065 00007ff1ee4c2640
0x000070000f04ac10:   000070000f04acf0 0000000105d32a6a
0x000070000f04ac20:   00007ff1ef810000 000070000f04acd0
0x000070000f04ac30:   000070000f04ac60 0000000023bfe160
0x000070000f04ac40:   000070000f04ac80 000000010598a4c2
0x000070000f04ac50:   349f9cd9f0f10023 00007ff1ef810000
0x000070000f04ac60:   0000000000000007 00000001060ada40
0x000070000f04ac70:   00007ff1ee4001c0 00007ff1ee7091f0
0x000070000f04ac80:   000070000f04acb0 00000001059898da
0x000070000f04ac90:   000070000f04acb0 00007ff1ef810000
0x000070000f04aca0:   00007ff1ee705660 00007ff1ee7091f0 

Instructions: (pc=0x0000000106853eb9)
0x0000000106853e99:   49 8b 7f 38 e8 50 1b 00 00 4d 89 77 38 49 89 5f
0x0000000106853ea9:   40 4c 89 f0 48 85 c0 0f 84 11 05 00 00 48 89 c3
0x0000000106853eb9:   0f b6 43 0c 0f b6 4b 0d 48 c1 e1 08 48 01 c1 0f
0x0000000106853ec9:   b6 43 0e 0f b6 53 0f 48 c1 e2 08 48 01 c2 48 c1 

Register to memory mapping:

RAX=0x00007ff1ee600930 is an unknown value
RBX=0x000000011fe1b943 is an unknown value
RCX=0x0000000000000001 is an unknown value
RDX=0x0000000000000b00 is an unknown value
RSP=0x000070000f04aab0 is pointing into the stack for thread: 0x00007ff1ef810000
RBP=0x000070000f04ab10 is pointing into the stack for thread: 0x00007ff1ef810000
RSI=0x0000000000100000 is an unknown value
RDI=0x0000000000000bc5 is an unknown value
R8 =0x0000000000000048 is an unknown value
R9 =0x00007ff1ee4bc4f0 is an unknown value
R10=0x00000000fff00000 is an unknown value
R11=0x0000000105e0afba: _ZL12out_of_nodes+0x1062 in /Library/Java/JavaVirtualMachines/jdk1.8.0_60.jdk/Contents/Home/jre/lib/server/libjvm.dylib at 0x0000000105800000
R12=0x00007ff1f0009c00 is an unknown value
R13=0x0000000000018890 is an unknown value
R14=0x0000000027bb1b33 is an unknown value
R15=0x00007ff1ee7a8190 is an unknown value


Stack: [0x000070000ef4f000,0x000070000f04f000],  sp=0x000070000f04aab0,  free space=1006k
Native frames: (J=compiled Java code, j=interpreted, Vv=VM code, C=native code)
C  [libzip.dylib+0x2eb9]  newEntry+0x154
C  [libzip.dylib+0x3554]  ZIP_GetEntry2+0xd4
C  [libzip.dylib+0x36c2]  ZIP_FindEntry+0x1a
V  [libjvm.dylib+0x18abe1]
V  [libjvm.dylib+0x1898da]
V  [libjvm.dylib+0x189d7c]
V  [libjvm.dylib+0x53346b]
V  [libjvm.dylib+0x532de9]
V  [libjvm.dylib+0x53386c]
V  [libjvm.dylib+0x533edb]
V  [libjvm.dylib+0x1e1796]
V  [libjvm.dylib+0x1f1a5a]
V  [libjvm.dylib+0x2e630e]
j  com.zeroturnaround.javarebel.er.matches(Ljava/lang/ClassLoader;Ljava/lang/String;Lorg/zeroturnaround/javarebel/Resource;)Z+5
j  com.zeroturnaround.javarebel.a.isManagedClass(Ljava/lang/ClassLoader;Ljava/lang/String;Lorg/zeroturnaround/javarebel/Resource;)Z+189
j  com.zeroturnaround.javarebel.to.a(Ljava/lang/String;Ljava/lang/String;Ljava/lang/String;Z)Lorg/zeroturnaround/javarebel/Resource;+306
j  com.zeroturnaround.javarebel.sg.b(Ljava/lang/String;Z)Lorg/zeroturnaround/javarebel/Resource;+239
j  com.zeroturnaround.javarebel.sg.a(Ljava/lang/String;Z)Lorg/zeroturnaround/javarebel/Resource;+49
j  com.zeroturnaround.javarebel.sg.c(Ljava/lang/String;)Lorg/zeroturnaround/javarebel/Resource;+3
j  com.zeroturnaround.javarebel.rc.c(Ljava/lang/String;)Lorg/zeroturnaround/javarebel/Resource;+5
j  com.zeroturnaround.javarebel.rc.b(Ljava/lang/String;)Lorg/zeroturnaround/javarebel/Resource;+45
j  com.zeroturnaround.javarebel.rc.a(Ljava/lang/String;)Lorg/zeroturnaround/javarebel/Resource;+16
j  com.zeroturnaround.javarebel.ra.transform(Ljava/lang/ClassLoader;Ljava/lang/String;[BIILjava/security/ProtectionDomain;)[B+157
J 2408 C1 java.lang.ClassLoader.defineClass(Ljava/lang/String;[BIILjava/security/ProtectionDomain;)Ljava/lang/Class; (141 bytes) @ 0x0000000110c1483c [0x0000000110c146c0+0x17c]
j  java.security.SecureClassLoader.defineClass(Ljava/lang/String;[BIILjava/security/CodeSource;)Ljava/lang/Class;+12
j  java.net.URLClassLoader.defineClass(Ljava/lang/String;Lsun/misc/Resource;)Ljava/lang/Class;+235
J 2345 C1 java.net.URLClassLoader$1.run()Ljava/lang/Class; (73 bytes) @ 0x0000000110bd623c [0x0000000110bd5ea0+0x39c]
J 2344 C1 java.net.URLClassLoader$1.run()Ljava/lang/Object; (9 bytes) @ 0x0000000110bd5acc [0x0000000110bd5a40+0x8c]
v  ~StubRoutines::call_stub
V  [libjvm.dylib+0x2eab0e]
V  [libjvm.dylib+0x34afd8]
J 2343  java.security.AccessController.doPrivileged(Ljava/security/PrivilegedExceptionAction;Ljava/security/AccessControlContext;)Ljava/lang/Object; (0 bytes) @ 0x0000000110bd5795 [0x0000000110bd56c0+0xd5]
J 2310 C1 java.net.URLClassLoader.findClass(Ljava/lang/String;)Ljava/lang/Class; (98 bytes) @ 0x0000000110bb71b4 [0x0000000110bb6e40+0x374]
J 981 C1 java.lang.ClassLoader.loadClass(Ljava/lang/String;Z)Ljava/lang/Class; (135 bytes) @ 0x000000011084106c [0x0000000110840480+0xbec]
J 1848 C1 sun.misc.Launcher$AppClassLoader.loadClass(Ljava/lang/String;Z)Ljava/lang/Class; (95 bytes) @ 0x0000000110a5b41c [0x0000000110a5a3e0+0x103c]
J 1876 C1 java.lang.ClassLoader.loadClass(Ljava/lang/String;)Ljava/lang/Class; (11 bytes) @ 0x0000000110a67204 [0x0000000110a67100+0x104]
v  ~StubRoutines::call_stub
V  [libjvm.dylib+0x2eab0e]
V  [libjvm.dylib+0x2eb29c]
V  [libjvm.dylib+0x2eb3f4]
V  [libjvm.dylib+0x533650]
V  [libjvm.dylib+0x532de9]
V  [libjvm.dylib+0x53386c]
V  [libjvm.dylib+0x533edb]
V  [libjvm.dylib+0x342db1]
V  [libjvm.dylib+0x34d2a2]
C  [libjava.dylib+0x236d]  Java_java_lang_Class_forName0+0x13f
J 1958  java.lang.Class.forName0(Ljava/lang/String;ZLjava/lang/ClassLoader;Ljava/lang/Class;)Ljava/lang/Class; (0 bytes) @ 0x0000000110abd4b4 [0x0000000110abd3c0+0xf4]
J 1484 C1 java.lang.Class.forName(Ljava/lang/String;)Ljava/lang/Class; (15 bytes) @ 0x000000011098f6fc [0x000000011098f680+0x7c]
j  org.zeroturnaround.javarebel.integration.spring.aop.AdviceBeanWrapper.class$(Ljava/lang/String;)Ljava/lang/Class;+1
j  org.zeroturnaround.javarebel.integration.spring.aop.AdviceBeanWrapper.<init>()V+22
j  org.zeroturnaround.javarebel.integration.spring.aop.AdviceBeanWrapper.<clinit>()V+17
v  ~StubRoutines::call_stub
V  [libjvm.dylib+0x2eab0e]
V  [libjvm.dylib+0x2bdc69]
V  [libjvm.dylib+0x2bf171]
V  [libjvm.dylib+0x2bf407]
V  [libjvm.dylib+0x342dd7]
V  [libjvm.dylib+0x34d2a2]
C  [libjava.dylib+0x236d]  Java_java_lang_Class_forName0+0x13f
J 1958  java.lang.Class.forName0(Ljava/lang/String;ZLjava/lang/ClassLoader;Ljava/lang/Class;)Ljava/lang/Class; (0 bytes) @ 0x0000000110abd4b4 [0x0000000110abd3c0+0xf4]
J 1484 C1 java.lang.Class.forName(Ljava/lang/String;)Ljava/lang/Class; (15 bytes) @ 0x000000011098f6fc [0x000000011098f680+0x7c]
j  org.zeroturnaround.javarebel.integration.spring.aop.SpringAopPlugin.class$(Ljava/lang/String;)Ljava/lang/Class;+1
j  org.zeroturnaround.javarebel.integration.spring.aop.SpringAopPlugin.preinit()V+42
j  com.zeroturnaround.javarebel.mj.a(Lorg/zeroturnaround/javarebel/Plugin;)V+23
j  com.zeroturnaround.javarebel.mj.a(Ljava/lang/ClassLoader;Ljava/lang/Class;Z)Z+70
j  com.zeroturnaround.javarebel.mj.a(Ljava/lang/ClassLoader;Ljava/util/Set;)V+163
j  com.zeroturnaround.javarebel.sg.h()V+43
j  com.zeroturnaround.javarebel.sg.e()Z+73
j  com.zeroturnaround.javarebel.sg.a()Z+5
j  com.zeroturnaround.javarebel.rc.a(Ljava/lang/String;)Ljava/lang/Class;+4
j  com.zeroturnaround.javarebel.SDKIntegrationImpl.findReloadableClass(Ljava/lang/ClassLoader;Ljava/lang/String;)Ljava/lang/Class;+131
j  com.zeroturnaround.javarebel.sk.findReloadableClass(Ljava/lang/ClassLoader;Ljava/lang/String;Ljava/security/AccessControlContext;)Ljava/lang/Class;+11
j  java.net.URLClassLoader.findClass(Ljava/lang/String;)Ljava/lang/Class;+20
J 981 C1 java.lang.ClassLoader.loadClass(Ljava/lang/String;Z)Ljava/lang/Class; (135 bytes) @ 0x000000011084106c [0x0000000110840480+0xbec]
j  sun.misc.Launcher$AppClassLoader.loadClass(Ljava/lang/String;Z)Ljava/lang/Class;+91
j  java.lang.ClassLoader.loadClass(Ljava/lang/String;)Ljava/lang/Class;+7
j  sun.launcher.LauncherHelper.checkAndLoadMain(ZILjava/lang/String;)Ljava/lang/Class;+103
v  ~StubRoutines::call_stub
V  [libjvm.dylib+0x2eab0e]
V  [libjvm.dylib+0x321820]
V  [libjvm.dylib+0x317f79]
C  [java+0x3792]  JavaMain+0x805
C  [libsystem_pthread.dylib+0x393b]  _pthread_body+0xb4
C  [libsystem_pthread.dylib+0x3887]  _pthread_body+0x0
C  [libsystem_pthread.dylib+0x308d]  thread_start+0xd
C  0x0000000000000000

Java frames: (J=compiled Java code, j=interpreted, Vv=VM code)
j  com.zeroturnaround.javarebel.er.matches(Ljava/lang/ClassLoader;Ljava/lang/String;Lorg/zeroturnaround/javarebel/Resource;)Z+5
j  com.zeroturnaround.javarebel.a.isManagedClass(Ljava/lang/ClassLoader;Ljava/lang/String;Lorg/zeroturnaround/javarebel/Resource;)Z+189
j  com.zeroturnaround.javarebel.to.a(Ljava/lang/String;Ljava/lang/String;Ljava/lang/String;Z)Lorg/zeroturnaround/javarebel/Resource;+306
j  com.zeroturnaround.javarebel.sg.b(Ljava/lang/String;Z)Lorg/zeroturnaround/javarebel/Resource;+239
j  com.zeroturnaround.javarebel.sg.a(Ljava/lang/String;Z)Lorg/zeroturnaround/javarebel/Resource;+49
j  com.zeroturnaround.javarebel.sg.c(Ljava/lang/String;)Lorg/zeroturnaround/javarebel/Resource;+3
j  com.zeroturnaround.javarebel.rc.c(Ljava/lang/String;)Lorg/zeroturnaround/javarebel/Resource;+5
j  com.zeroturnaround.javarebel.rc.b(Ljava/lang/String;)Lorg/zeroturnaround/javarebel/Resource;+45
j  com.zeroturnaround.javarebel.rc.a(Ljava/lang/String;)Lorg/zeroturnaround/javarebel/Resource;+16
j  com.zeroturnaround.javarebel.ra.transform(Ljava/lang/ClassLoader;Ljava/lang/String;[BIILjava/security/ProtectionDomain;)[B+157
J 2408 C1 java.lang.ClassLoader.defineClass(Ljava/lang/String;[BIILjava/security/ProtectionDomain;)Ljava/lang/Class; (141 bytes) @ 0x0000000110c1483c [0x0000000110c146c0+0x17c]
j  java.security.SecureClassLoader.defineClass(Ljava/lang/String;[BIILjava/security/CodeSource;)Ljava/lang/Class;+12
j  java.net.URLClassLoader.defineClass(Ljava/lang/String;Lsun/misc/Resource;)Ljava/lang/Class;+235
J 2345 C1 java.net.URLClassLoader$1.run()Ljava/lang/Class; (73 bytes) @ 0x0000000110bd623c [0x0000000110bd5ea0+0x39c]
J 2344 C1 java.net.URLClassLoader$1.run()Ljava/lang/Object; (9 bytes) @ 0x0000000110bd5acc [0x0000000110bd5a40+0x8c]
v  ~StubRoutines::call_stub
J 2343  java.security.AccessController.doPrivileged(Ljava/security/PrivilegedExceptionAction;Ljava/security/AccessControlContext;)Ljava/lang/Object; (0 bytes) @ 0x0000000110bd5723 [0x0000000110bd56c0+0x63]
J 2310 C1 java.net.URLClassLoader.findClass(Ljava/lang/String;)Ljava/lang/Class; (98 bytes) @ 0x0000000110bb71b4 [0x0000000110bb6e40+0x374]
J 981 C1 java.lang.ClassLoader.loadClass(Ljava/lang/String;Z)Ljava/lang/Class; (135 bytes) @ 0x000000011084106c [0x0000000110840480+0xbec]
J 1848 C1 sun.misc.Launcher$AppClassLoader.loadClass(Ljava/lang/String;Z)Ljava/lang/Class; (95 bytes) @ 0x0000000110a5b41c [0x0000000110a5a3e0+0x103c]
J 1876 C1 java.lang.ClassLoader.loadClass(Ljava/lang/String;)Ljava/lang/Class; (11 bytes) @ 0x0000000110a67204 [0x0000000110a67100+0x104]
v  ~StubRoutines::call_stub
J 1958  java.lang.Class.forName0(Ljava/lang/String;ZLjava/lang/ClassLoader;Ljava/lang/Class;)Ljava/lang/Class; (0 bytes) @ 0x0000000110abd43a [0x0000000110abd3c0+0x7a]
J 1484 C1 java.lang.Class.forName(Ljava/lang/String;)Ljava/lang/Class; (15 bytes) @ 0x000000011098f6fc [0x000000011098f680+0x7c]
j  org.zeroturnaround.javarebel.integration.spring.aop.AdviceBeanWrapper.class$(Ljava/lang/String;)Ljava/lang/Class;+1
j  org.zeroturnaround.javarebel.integration.spring.aop.AdviceBeanWrapper.<init>()V+22
j  org.zeroturnaround.javarebel.integration.spring.aop.AdviceBeanWrapper.<clinit>()V+17
v  ~StubRoutines::call_stub
J 1958  java.lang.Class.forName0(Ljava/lang/String;ZLjava/lang/ClassLoader;Ljava/lang/Class;)Ljava/lang/Class; (0 bytes) @ 0x0000000110abd43a [0x0000000110abd3c0+0x7a]
J 1484 C1 java.lang.Class.forName(Ljava/lang/String;)Ljava/lang/Class; (15 bytes) @ 0x000000011098f6fc [0x000000011098f680+0x7c]
j  org.zeroturnaround.javarebel.integration.spring.aop.SpringAopPlugin.class$(Ljava/lang/String;)Ljava/lang/Class;+1
j  org.zeroturnaround.javarebel.integration.spring.aop.SpringAopPlugin.preinit()V+42
j  com.zeroturnaround.javarebel.mj.a(Lorg/zeroturnaround/javarebel/Plugin;)V+23
j  com.zeroturnaround.javarebel.mj.a(Ljava/lang/ClassLoader;Ljava/lang/Class;Z)Z+70
j  com.zeroturnaround.javarebel.mj.a(Ljava/lang/ClassLoader;Ljava/util/Set;)V+163
j  com.zeroturnaround.javarebel.sg.h()V+43
j  com.zeroturnaround.javarebel.sg.e()Z+73
j  com.zeroturnaround.javarebel.sg.a()Z+5
j  com.zeroturnaround.javarebel.rc.a(Ljava/lang/String;)Ljava/lang/Class;+4
j  com.zeroturnaround.javarebel.SDKIntegrationImpl.findReloadableClass(Ljava/lang/ClassLoader;Ljava/lang/String;)Ljava/lang/Class;+131
j  com.zeroturnaround.javarebel.sk.findReloadableClass(Ljava/lang/ClassLoader;Ljava/lang/String;Ljava/security/AccessControlContext;)Ljava/lang/Class;+11
j  java.net.URLClassLoader.findClass(Ljava/lang/String;)Ljava/lang/Class;+20
J 981 C1 java.lang.ClassLoader.loadClass(Ljava/lang/String;Z)Ljava/lang/Class; (135 bytes) @ 0x000000011084106c [0x0000000110840480+0xbec]
j  sun.misc.Launcher$AppClassLoader.loadClass(Ljava/lang/String;Z)Ljava/lang/Class;+91
j  java.lang.ClassLoader.loadClass(Ljava/lang/String;)Ljava/lang/Class;+7
j  sun.launcher.LauncherHelper.checkAndLoadMain(ZILjava/lang/String;)Ljava/lang/Class;+103
v  ~StubRoutines::call_stub

---------------  P R O C E S S  ---------------

Java Threads: ( => current thread )
  0x00007ff1efe23000 JavaThread "rebel-weak-reaper" daemon [_thread_blocked, id=24839, stack(0x0000700010742000,0x0000700010842000)]
  0x00007ff1efdb5000 JavaThread "rebel-change-detector-thread" daemon [_thread_blocked, id=26371, stack(0x0000700010a4b000,0x0000700010b4b000)]
  0x00007ff1f03d6000 JavaThread "rebel-debugger-thread" daemon [_thread_blocked, id=25859, stack(0x0000700010948000,0x0000700010a48000)]
  0x00007ff1ef4f2000 JavaThread "rebel-heartbeat-thread" daemon [_thread_blocked, id=25347, stack(0x0000700010845000,0x0000700010945000)]
  0x00007ff1ef4fc000 JavaThread "rebel-redeploy-thread" daemon [_thread_blocked, id=20999, stack(0x000070001030b000,0x000070001040b000)]
  0x00007ff1f0500000 JavaThread "Thread-9" daemon [_thread_in_native, id=20743, stack(0x0000700010105000,0x0000700010205000)]
  0x00007ff1f0410800 JavaThread "rebel-messaging-executor-30" daemon [_thread_blocked, id=22279, stack(0x0000700010002000,0x0000700010102000)]
  0x00007ff1f022f800 JavaThread "rebel-cache-writer" daemon [_thread_blocked, id=20231, stack(0x000070000feff000,0x000070000ffff000)]
  0x00007ff1eeacc000 JavaThread "rebel-fsnotify-ShutdownOnTermination" daemon [_thread_blocked, id=24583, stack(0x000070001063f000,0x000070001073f000)]
  0x00007ff1f020c000 JavaThread "rebel-fsnotify-OutputReader" daemon [_thread_blocked, id=24327, stack(0x000070001053c000,0x000070001063c000)]
  0x00007ff1ef35c800 JavaThread "rebel-fsnotify-OutputReader" daemon [_thread_blocked, id=23303, stack(0x0000700010439000,0x0000700010539000)]
  0x00007ff1ef30d000 JavaThread "process reaper" daemon [_thread_in_native, id=22791, stack(0x000070001040e000,0x0000700010436000)]
  0x00007ff1ef2d6000 JavaThread "rebel-CacheKeepAlive" daemon [_thread_blocked, id=21763, stack(0x0000700010208000,0x0000700010308000)]
  0x00007ff1ef25c800 JavaThread "rebel-logger" daemon [_thread_blocked, id=19715, stack(0x000070000fdfc000,0x000070000fefc000)]
  0x00007ff1efa44800 JavaThread "Service Thread" daemon [_thread_blocked, id=18691, stack(0x000070000fbf6000,0x000070000fcf6000)]
  0x00007ff1efa44000 JavaThread "C1 CompilerThread2" daemon [_thread_blocked, id=18179, stack(0x000070000faf3000,0x000070000fbf3000)]
  0x00007ff1efa36800 JavaThread "C2 CompilerThread1" daemon [_thread_blocked, id=17667, stack(0x000070000f9f0000,0x000070000faf0000)]
  0x00007ff1ef257800 JavaThread "C2 CompilerThread0" daemon [_thread_blocked, id=17155, stack(0x000070000f8ed000,0x000070000f9ed000)]
  0x00007ff1ef05b800 JavaThread "Signal Dispatcher" daemon [_thread_blocked, id=16643, stack(0x000070000f7ea000,0x000070000f8ea000)]
  0x00007ff1f0005800 JavaThread "Finalizer" daemon [_thread_blocked, id=12291, stack(0x000070000f664000,0x000070000f764000)]
  0x00007ff1ef82e800 JavaThread "Reference Handler" daemon [_thread_blocked, id=11779, stack(0x000070000f561000,0x000070000f661000)]
=>0x00007ff1ef810000 JavaThread "main" [_thread_in_native, id=6915, stack(0x000070000ef4f000,0x000070000f04f000)]

Other Threads:
  0x00007ff1ef04b000 VMThread [stack: 0x000070000f45e000,0x000070000f55e000] [id=11267]
  0x00007ff1efa45800 WatcherThread [stack: 0x000070000fcf9000,0x000070000fdf9000] [id=19203]

VM state:not at safepoint (normal execution)

VM Mutex/Monitor currently owned by a thread: None

Heap:
 PSYoungGen      total 141824K, used 21397K [0x000000076ab00000, 0x0000000774000000, 0x00000007c0000000)
  eden space 131072K, 16% used [0x000000076ab00000,0x000000076bfe56a8,0x0000000772b00000)
  from space 10752K, 0% used [0x0000000773580000,0x0000000773580000,0x0000000774000000)
  to   space 10752K, 0% used [0x0000000772b00000,0x0000000772b00000,0x0000000773580000)
 ParOldGen       total 118784K, used 13101K [0x00000006c0000000, 0x00000006c7400000, 0x000000076ab00000)
  object space 118784K, 11% used [0x00000006c0000000,0x00000006c0ccb688,0x00000006c7400000)
 Metaspace       used 22326K, capacity 23410K, committed 23680K, reserved 1069056K
  class space    used 2837K, capacity 3198K, committed 3200K, reserved 1048576K

Card table byte_map: [0x0000000106c1a000,0x000000010741b000] byte_map_base: 0x000000010361a000

Marking Bits: (ParMarkBitMap*) 0x00000001060dee20
 Begin Bits: [0x0000000107971000, 0x000000010b971000)
 End Bits:   [0x000000010b971000, 0x000000010f971000)

Polling page: 0x0000000106789000

CodeCache: size=245760Kb used=7045Kb max_used=7057Kb free=238714Kb
 bounds [0x000000011058a000, 0x0000000110c7a000, 0x000000011f58a000]
 total_blobs=2818 nmethods=2439 adapters=292
 compilation: enabled

Compilation events (10 events):
Event: 4.015 Thread 0x00007ff1efa44000 nmethod 2462 0x0000000110c63a90 code [0x0000000110c63c20, 0x0000000110c63f48]
Event: 4.017 Thread 0x00007ff1efa36800 nmethod 2472 0x0000000110c67290 code [0x0000000110c67440, 0x0000000110c67a18]
Event: 4.017 Thread 0x00007ff1efa36800 2473       4       java.util.zip.Inflater::ensureOpen (62 bytes)
Event: 4.019 Thread 0x00007ff1efa36800 nmethod 2473 0x0000000110c4e350 code [0x0000000110c4e4a0, 0x0000000110c4e538]
Event: 4.032 Thread 0x00007ff1ef257800 2474       4       java.lang.String::substring (68 bytes)
Event: 4.036 Thread 0x00007ff1ef257800 nmethod 2474 0x0000000110c68050 code [0x0000000110c681c0, 0x0000000110c68538]
Event: 4.039 Thread 0x00007ff1efa44000 2476       3       java.io.UnixFileSystem::parentOrNull (118 bytes)
Event: 4.040 Thread 0x00007ff1efa44000 nmethod 2476 0x0000000110c65ed0 code [0x0000000110c66100, 0x0000000110c66d48]
Event: 4.040 Thread 0x00007ff1efa44000 2475       3       java.util.jar.JarFile::access$200 (5 bytes)
Event: 4.040 Thread 0x00007ff1efa44000 nmethod 2475 0x0000000110c65b50 code [0x0000000110c65cc0, 0x0000000110c65e28]

GC Heap History (6 events):
Event: 2.229 GC heap before
{Heap before GC invocations=1 (full 0):
 PSYoungGen      total 76288K, used 65536K [0x000000076ab00000, 0x0000000770000000, 0x00000007c0000000)
  eden space 65536K, 100% used [0x000000076ab00000,0x000000076eb00000,0x000000076eb00000)
  from space 10752K, 0% used [0x000000076f580000,0x000000076f580000,0x0000000770000000)
  to   space 10752K, 0% used [0x000000076eb00000,0x000000076eb00000,0x000000076f580000)
 ParOldGen       total 175104K, used 0K [0x00000006c0000000, 0x00000006cab00000, 0x000000076ab00000)
  object space 175104K, 0% used [0x00000006c0000000,0x00000006c0000000,0x00000006cab00000)
 Metaspace       used 15825K, capacity 16844K, committed 16896K, reserved 1064960K
  class space    used 1891K, capacity 2284K, committed 2304K, reserved 1048576K
Event: 2.256 GC heap after
Heap after GC invocations=1 (full 0):
 PSYoungGen      total 76288K, used 10728K [0x000000076ab00000, 0x0000000774000000, 0x00000007c0000000)
  eden space 65536K, 0% used [0x000000076ab00000,0x000000076ab00000,0x000000076eb00000)
  from space 10752K, 99% used [0x000000076eb00000,0x000000076f57a3e0,0x000000076f580000)
  to   space 10752K, 0% used [0x0000000773580000,0x0000000773580000,0x0000000774000000)
 ParOldGen       total 175104K, used 2315K [0x00000006c0000000, 0x00000006cab00000, 0x000000076ab00000)
  object space 175104K, 1% used [0x00000006c0000000,0x00000006c0242e18,0x00000006cab00000)
 Metaspace       used 15825K, capacity 16844K, committed 16896K, reserved 1064960K
  class space    used 1891K, capacity 2284K, committed 2304K, reserved 1048576K
}
Event: 3.087 GC heap before
{Heap before GC invocations=2 (full 0):
 PSYoungGen      total 76288K, used 46948K [0x000000076ab00000, 0x0000000774000000, 0x00000007c0000000)
  eden space 65536K, 55% used [0x000000076ab00000,0x000000076ce5ed28,0x000000076eb00000)
  from space 10752K, 99% used [0x000000076eb00000,0x000000076f57a3e0,0x000000076f580000)
  to   space 10752K, 0% used [0x0000000773580000,0x0000000773580000,0x0000000774000000)
 ParOldGen       total 175104K, used 2315K [0x00000006c0000000, 0x00000006cab00000, 0x000000076ab00000)
  object space 175104K, 1% used [0x00000006c0000000,0x00000006c0242e18,0x00000006cab00000)
 Metaspace       used 20149K, capacity 21160K, committed 21296K, reserved 1067008K
  class space    used 2519K, capacity 2877K, committed 2944K, reserved 1048576K
Event: 3.116 GC heap after
Heap after GC invocations=2 (full 0):
 PSYoungGen      total 141824K, used 10747K [0x000000076ab00000, 0x0000000774000000, 0x00000007c0000000)
  eden space 131072K, 0% used [0x000000076ab00000,0x000000076ab00000,0x0000000772b00000)
  from space 10752K, 99% used [0x0000000773580000,0x0000000773ffec10,0x0000000774000000)
  to   space 10752K, 0% used [0x0000000772b00000,0x0000000772b00000,0x0000000773580000)
 ParOldGen       total 175104K, used 4933K [0x00000006c0000000, 0x00000006cab00000, 0x000000076ab00000)
  object space 175104K, 2% used [0x00000006c0000000,0x00000006c04d1490,0x00000006cab00000)
 Metaspace       used 20149K, capacity 21160K, committed 21296K, reserved 1067008K
  class space    used 2519K, capacity 2877K, committed 2944K, reserved 1048576K
}
Event: 3.116 GC heap before
{Heap before GC invocations=3 (full 1):
 PSYoungGen      total 141824K, used 10747K [0x000000076ab00000, 0x0000000774000000, 0x00000007c0000000)
  eden space 131072K, 0% used [0x000000076ab00000,0x000000076ab00000,0x0000000772b00000)
  from space 10752K, 99% used [0x0000000773580000,0x0000000773ffec10,0x0000000774000000)
  to   space 10752K, 0% used [0x0000000772b00000,0x0000000772b00000,0x0000000773580000)
 ParOldGen       total 175104K, used 4933K [0x00000006c0000000, 0x00000006cab00000, 0x000000076ab00000)
  object space 175104K, 2% used [0x00000006c0000000,0x00000006c04d1490,0x00000006cab00000)
 Metaspace       used 20149K, capacity 21160K, committed 21296K, reserved 1067008K
  class space    used 2519K, capacity 2877K, committed 2944K, reserved 1048576K
Event: 3.209 GC heap after
Heap after GC invocations=3 (full 1):
 PSYoungGen      total 141824K, used 0K [0x000000076ab00000, 0x0000000774000000, 0x00000007c0000000)
  eden space 131072K, 0% used [0x000000076ab00000,0x000000076ab00000,0x0000000772b00000)
  from space 10752K, 0% used [0x0000000773580000,0x0000000773580000,0x0000000774000000)
  to   space 10752K, 0% used [0x0000000772b00000,0x0000000772b00000,0x0000000773580000)
 ParOldGen       total 118784K, used 13101K [0x00000006c0000000, 0x00000006c7400000, 0x000000076ab00000)
  object space 118784K, 11% used [0x00000006c0000000,0x00000006c0ccb688,0x00000006c7400000)
 Metaspace       used 20149K, capacity 21160K, committed 21296K, reserved 1067008K
  class space    used 2519K, capacity 2877K, committed 2944K, reserved 1048576K
}

Deoptimization events (10 events):
Event: 2.449 Thread 0x00007ff1ef810000 Uncommon trap: reason=bimorphic action=maybe_recompile pc=0x0000000110996934 method=java.util.Collections$SynchronizedCollection.add(Ljava/lang/Object;)Z @ 19
Event: 2.454 Thread 0x00007ff1ef810000 Uncommon trap: reason=class_check action=maybe_recompile pc=0x00000001109d59d0 method=java.util.regex.Pattern$CharProperty.match(Ljava/util/regex/Matcher;ILjava/lang/CharSequence;)Z @ 41
Event: 2.454 Thread 0x00007ff1ef810000 Uncommon trap: reason=class_check action=maybe_recompile pc=0x00000001109d59d0 method=java.util.regex.Pattern$CharProperty.match(Ljava/util/regex/Matcher;ILjava/lang/CharSequence;)Z @ 41
Event: 2.465 Thread 0x00007ff1ef810000 Uncommon trap: reason=bimorphic action=maybe_recompile pc=0x0000000110996934 method=java.util.Collections$SynchronizedCollection.add(Ljava/lang/Object;)Z @ 19
Event: 2.477 Thread 0x00007ff1ef810000 Uncommon trap: reason=bimorphic action=maybe_recompile pc=0x0000000110996934 method=java.util.Collections$SynchronizedCollection.add(Ljava/lang/Object;)Z @ 19
Event: 2.594 Thread 0x00007ff1ef810000 Uncommon trap: reason=bimorphic action=maybe_recompile pc=0x0000000110996934 method=java.util.Collections$SynchronizedCollection.add(Ljava/lang/Object;)Z @ 19
Event: 2.723 Thread 0x00007ff1f0500000 Uncommon trap: reason=unstable_if action=reinterpret pc=0x00000001109d2444 method=java.lang.String.split(Ljava/lang/String;I)[Ljava/lang/String; @ 8
Event: 2.742 Thread 0x00007ff1f0500000 Uncommon trap: reason=unstable_if action=reinterpret pc=0x0000000110a11ef4 method=java.io.ByteArrayInputStream.read()I @ 19
Event: 2.758 Thread 0x00007ff1f0500000 Uncommon trap: reason=unstable_if action=reinterpret pc=0x00000001106d4b24 method=sun.nio.cs.UTF_8$Encoder.encode([CII[B)I @ 33
Event: 3.030 Thread 0x00007ff1f0500000 Uncommon trap: reason=predicate action=maybe_recompile pc=0x0000000110b4a804 method=java.util.regex.Pattern$Slice.match(Ljava/util/regex/Matcher;ILjava/lang/CharSequence;)Z @ 21

Internal exceptions (10 events):
Event: 1.791 Thread 0x00007ff1ef810000 Implicit null exception at 0x000000011079de58 to 0x000000011079dee6
Event: 1.794 Thread 0x00007ff1ef810000 Implicit null exception at 0x00000001107229af to 0x0000000110722a19
Event: 2.090 Thread 0x00007ff1ef810000 Exception <a 'java/lang/ClassNotFoundException': java/beans/StandardBeanInfo> (0x000000076e839ed0) thrown at [/Users/java_re/workspace/8-2-build-macosx-x86_64/jdk8u60/4407/hotspot/src/share/vm/classfile/systemDictionary.cpp, line 210]
Event: 2.095 Thread 0x00007ff1ef810000 Exception <a 'java/lang/ClassNotFoundException': com/sun/beans/AppContext> (0x000000076e85a8c0) thrown at [/Users/java_re/workspace/8-2-build-macosx-x86_64/jdk8u60/4407/hotspot/src/share/vm/classfile/systemDictionary.cpp, line 210]
Event: 2.095 Thread 0x00007ff1ef810000 Exception <a 'java/lang/ClassNotFoundException': com/sun/beans/AppContext> (0x000000076e85ab60) thrown at [/Users/java_re/workspace/8-2-build-macosx-x86_64/jdk8u60/4407/hotspot/src/share/vm/classfile/systemDictionary.cpp, line 210]
Event: 2.101 Thread 0x00007ff1ef810000 Exception <a 'java/lang/ClassNotFoundException': com/sun/beans/introspect/ClassInfo> (0x000000076e871408) thrown at [/Users/java_re/workspace/8-2-build-macosx-x86_64/jdk8u60/4407/hotspot/src/share/vm/classfile/systemDictionary.cpp, line 210]
Event: 2.101 Thread 0x00007ff1ef810000 Exception <a 'java/lang/ClassNotFoundException': com/sun/beans/introspect/ClassInfo> (0x000000076e8716c0) thrown at [/Users/java_re/workspace/8-2-build-macosx-x86_64/jdk8u60/4407/hotspot/src/share/vm/classfile/systemDictionary.cpp, line 210]
Event: 2.389 Thread 0x00007ff1ef810000 Exception <a 'java/lang/ClassNotFoundException': com/ibm/oti/vm/VM> (0x000000076b063970) thrown at [/Users/java_re/workspace/8-2-build-macosx-x86_64/jdk8u60/4407/hotspot/src/share/vm/classfile/systemDictionary.cpp, line 210]
Event: 2.414 Thread 0x00007ff1ef810000 Exception <a 'java/lang/ClassNotFoundException': com/ibm/oti/vm/VM> (0x000000076b0e2c00) thrown at [/Users/java_re/workspace/8-2-build-macosx-x86_64/jdk8u60/4407/hotspot/src/share/vm/classfile/systemDictionary.cpp, line 210]
Event: 3.748 Thread 0x00007ff1ef810000 Exception <a 'java/lang/ClassNotFoundException': java/lang/reflect/Module> (0x000000076b8ddb28) thrown at [/Users/java_re/workspace/8-2-build-macosx-x86_64/jdk8u60/4407/hotspot/src/share/vm/classfile/systemDictionary.cpp, line 210]

Events (10 events):
Event: 4.028 loading class org/zeroturnaround/javarebel/integration/spring/aop/SpringAopPlugin done
Event: 4.031 loading class org/springframework/beans/JrBeanWrapper
Event: 4.031 loading class org/springframework/beans/JrBeanWrapper done
Event: 4.033 loading class org/zeroturnaround/javarebel/integration/spring/aop/AdviceBeanWrapper
Event: 4.033 loading class org/zeroturnaround/javarebel/integration/spring/aop/AdviceBeanWrapper done
Event: 4.037 loading class org/springframework/aop/framework/Advised
Event: 4.037 loading class org/springframework/aop/framework/Advised done
Event: 4.038 loading class java/security/BasicPermissionCollection
Event: 4.040 loading class java/security/BasicPermissionCollection done
Event: 4.042 loading class org/zeroturnaround/javarebel/integration/generic/RestrictedResource


Dynamic libraries:
0x000000002a005000 	/System/Library/Frameworks/Cocoa.framework/Versions/A/Cocoa
0x000000002a005000 	/System/Library/Frameworks/Security.framework/Versions/A/Security
0x000000002a005000 	/System/Library/Frameworks/ApplicationServices.framework/Versions/A/ApplicationServices
0x000000002a005000 	/usr/lib/libz.1.dylib
0x000000002a005000 	/usr/lib/libSystem.B.dylib
0x000000002a005000 	/usr/lib/libobjc.A.dylib
0x000000002a005000 	/System/Library/Frameworks/CoreFoundation.framework/Versions/A/CoreFoundation
0x000000002a005000 	/System/Library/Frameworks/Foundation.framework/Versions/C/Foundation
0x000000002a005000 	/System/Library/Frameworks/AppKit.framework/Versions/C/AppKit
0x000000002a005000 	/System/Library/Frameworks/CoreData.framework/Versions/A/CoreData
0x000000002a005000 	/System/Library/PrivateFrameworks/RemoteViewServices.framework/Versions/A/RemoteViewServices
0x000000002a005000 	/System/Library/PrivateFrameworks/UIFoundation.framework/Versions/A/UIFoundation
0x000000002a005000 	/System/Library/PrivateFrameworks/DFRFoundation.framework/Versions/A/DFRFoundation
0x000000002a005000 	/usr/lib/libenergytrace.dylib
0x000000002a005000 	/System/Library/PrivateFrameworks/SkyLight.framework/Versions/A/SkyLight
0x000000002a005000 	/System/Library/Frameworks/CoreGraphics.framework/Versions/A/CoreGraphics
0x000000002a005000 	/usr/lib/libScreenReader.dylib
0x000000002a005000 	/System/Library/Frameworks/Accelerate.framework/Versions/A/Accelerate
0x000000002a005000 	/System/Library/Frameworks/IOSurface.framework/Versions/A/IOSurface
0x000000002a005000 	/System/Library/Frameworks/AudioToolbox.framework/Versions/A/AudioToolbox
0x000000002a005000 	/System/Library/Frameworks/AudioUnit.framework/Versions/A/AudioUnit
0x000000002a005000 	/System/Library/PrivateFrameworks/DataDetectorsCore.framework/Versions/A/DataDetectorsCore
0x000000002a005000 	/System/Library/PrivateFrameworks/DesktopServicesPriv.framework/Versions/A/DesktopServicesPriv
0x000000002a005000 	/System/Library/Frameworks/Carbon.framework/Versions/A/Frameworks/HIToolbox.framework/Versions/A/HIToolbox
0x000000002a005000 	/usr/lib/libicucore.A.dylib
0x000000002a005000 	/System/Library/Frameworks/QuartzCore.framework/Versions/A/QuartzCore
0x000000002a005000 	/System/Library/Frameworks/Carbon.framework/Versions/A/Frameworks/SpeechRecognition.framework/Versions/A/SpeechRecognition
0x000000002a005000 	/usr/lib/libauto.dylib
0x000000002a005000 	/usr/lib/libxml2.2.dylib
0x000000002a005000 	/System/Library/PrivateFrameworks/CoreUI.framework/Versions/A/CoreUI
0x000000002a005000 	/System/Library/Frameworks/CoreAudio.framework/Versions/A/CoreAudio
0x000000002a005000 	/System/Library/Frameworks/DiskArbitration.framework/Versions/A/DiskArbitration
0x000000002a005000 	/usr/lib/liblangid.dylib
0x000000002a005000 	/System/Library/PrivateFrameworks/MultitouchSupport.framework/Versions/A/MultitouchSupport
0x000000002a005000 	/System/Library/Frameworks/IOKit.framework/Versions/A/IOKit
0x000000002a005000 	/usr/lib/libDiagnosticMessagesClient.dylib
0x000000002a005000 	/System/Library/Frameworks/CoreServices.framework/Versions/A/CoreServices
0x000000002a005000 	/System/Library/PrivateFrameworks/PerformanceAnalysis.framework/Versions/A/PerformanceAnalysis
0x000000002a005000 	/System/Library/PrivateFrameworks/GenerationalStorage.framework/Versions/A/GenerationalStorage
0x000000002a005000 	/System/Library/Frameworks/OpenGL.framework/Versions/A/OpenGL
0x000000002a005000 	/System/Library/Frameworks/CoreImage.framework/Versions/A/CoreImage
0x000000002a005000 	/System/Library/Frameworks/CoreText.framework/Versions/A/CoreText
0x000000002a005000 	/System/Library/Frameworks/ImageIO.framework/Versions/A/ImageIO
0x000000002a005000 	/System/Library/PrivateFrameworks/Backup.framework/Versions/A/Backup
0x000000002a005000 	/usr/lib/libarchive.2.dylib
0x000000002a005000 	/System/Library/Frameworks/CFNetwork.framework/Versions/A/CFNetwork
0x000000002a005000 	/System/Library/Frameworks/SystemConfiguration.framework/Versions/A/SystemConfiguration
0x000000002a005000 	/usr/lib/libCRFSuite.dylib
0x000000002a005000 	/usr/lib/libc++.1.dylib
0x000000002a005000 	/usr/lib/libc++abi.dylib
0x000000002a005000 	/usr/lib/system/libcache.dylib
0x000000002a005000 	/usr/lib/system/libcommonCrypto.dylib
0x000000002a005000 	/usr/lib/system/libcompiler_rt.dylib
0x000000002a005000 	/usr/lib/system/libcopyfile.dylib
0x000000002a005000 	/usr/lib/system/libcorecrypto.dylib
0x000000002a005000 	/usr/lib/system/libdispatch.dylib
0x000000002a005000 	/usr/lib/system/libdyld.dylib
0x000000002a005000 	/usr/lib/system/libkeymgr.dylib
0x000000002a005000 	/usr/lib/system/liblaunch.dylib
0x000000002a005000 	/usr/lib/system/libmacho.dylib
0x000000002a005000 	/usr/lib/system/libquarantine.dylib
0x000000002a005000 	/usr/lib/system/libremovefile.dylib
0x000000002a005000 	/usr/lib/system/libsystem_asl.dylib
0x000000002a005000 	/usr/lib/system/libsystem_blocks.dylib
0x000000002a005000 	/usr/lib/system/libsystem_c.dylib
0x000000002a005000 	/usr/lib/system/libsystem_configuration.dylib
0x000000002a005000 	/usr/lib/system/libsystem_coreservices.dylib
0x000000002a005000 	/usr/lib/system/libsystem_coretls.dylib
0x000000002a005000 	/usr/lib/system/libsystem_dnssd.dylib
0x000000002a005000 	/usr/lib/system/libsystem_info.dylib
0x000000002a005000 	/usr/lib/system/libsystem_kernel.dylib
0x000000002a005000 	/usr/lib/system/libsystem_m.dylib
0x000000002a005000 	/usr/lib/system/libsystem_malloc.dylib
0x000000002a005000 	/usr/lib/system/libsystem_network.dylib
0x000000002a005000 	/usr/lib/system/libsystem_networkextension.dylib
0x000000002a005000 	/usr/lib/system/libsystem_notify.dylib
0x000000002a005000 	/usr/lib/system/libsystem_platform.dylib
0x000000002a005000 	/usr/lib/system/libsystem_pthread.dylib
0x000000002a005000 	/usr/lib/system/libsystem_sandbox.dylib
0x000000002a005000 	/usr/lib/system/libsystem_secinit.dylib
0x000000002a005000 	/usr/lib/system/libsystem_symptoms.dylib
0x000000002a005000 	/usr/lib/system/libsystem_trace.dylib
0x000000002a005000 	/usr/lib/system/libunwind.dylib
0x000000002a005000 	/usr/lib/system/libxpc.dylib
0x000000002a005000 	/usr/lib/libbsm.0.dylib
0x000000002a005000 	/usr/lib/system/libkxld.dylib
0x000000002a005000 	/usr/lib/libcoretls.dylib
0x000000002a005000 	/usr/lib/libcoretls_cfhelpers.dylib
0x000000002a005000 	/usr/lib/libOpenScriptingUtil.dylib
0x000000002a005000 	/usr/lib/libpam.2.dylib
0x000000002a005000 	/usr/lib/libsqlite3.dylib
0x000000002a005000 	/usr/lib/libxar.1.dylib
0x000000002a005000 	/usr/lib/libbz2.1.0.dylib
0x000000002a005000 	/usr/lib/liblzma.5.dylib
0x000000002a005000 	/usr/lib/libnetwork.dylib
0x000000002a005000 	/usr/lib/libpcap.A.dylib
0x000000002a005000 	/System/Library/Frameworks/CoreServices.framework/Versions/A/Frameworks/FSEvents.framework/Versions/A/FSEvents
0x000000002a005000 	/System/Library/Frameworks/CoreServices.framework/Versions/A/Frameworks/CarbonCore.framework/Versions/A/CarbonCore
0x000000002a005000 	/System/Library/Frameworks/CoreServices.framework/Versions/A/Frameworks/Metadata.framework/Versions/A/Metadata
0x000000002a005000 	/System/Library/Frameworks/CoreServices.framework/Versions/A/Frameworks/OSServices.framework/Versions/A/OSServices
0x000000002a005000 	/System/Library/Frameworks/CoreServices.framework/Versions/A/Frameworks/SearchKit.framework/Versions/A/SearchKit
0x000000002a005000 	/System/Library/Frameworks/CoreServices.framework/Versions/A/Frameworks/AE.framework/Versions/A/AE
0x000000002a005000 	/System/Library/Frameworks/CoreServices.framework/Versions/A/Frameworks/LaunchServices.framework/Versions/A/LaunchServices
0x000000002a005000 	/System/Library/Frameworks/CoreServices.framework/Versions/A/Frameworks/DictionaryServices.framework/Versions/A/DictionaryServices
0x000000002a005000 	/System/Library/Frameworks/CoreServices.framework/Versions/A/Frameworks/SharedFileList.framework/Versions/A/SharedFileList
0x000000002a005000 	/System/Library/Frameworks/NetFS.framework/Versions/A/NetFS
0x000000002a005000 	/System/Library/PrivateFrameworks/NetAuth.framework/Versions/A/NetAuth
0x000000002a005000 	/System/Library/PrivateFrameworks/login.framework/Versions/A/Frameworks/loginsupport.framework/Versions/A/loginsupport
0x000000002a005000 	/System/Library/PrivateFrameworks/TCC.framework/Versions/A/TCC
0x000000002a005000 	/usr/lib/libmecabra.dylib
0x000000002a005000 	/System/Library/Frameworks/ApplicationServices.framework/Versions/A/Frameworks/ATS.framework/Versions/A/ATS
0x000000002a005000 	/System/Library/Frameworks/ApplicationServices.framework/Versions/A/Frameworks/ColorSync.framework/Versions/A/ColorSync
0x000000002a005000 	/System/Library/Frameworks/ApplicationServices.framework/Versions/A/Frameworks/HIServices.framework/Versions/A/HIServices
0x000000002a005000 	/System/Library/Frameworks/ApplicationServices.framework/Versions/A/Frameworks/LangAnalysis.framework/Versions/A/LangAnalysis
0x000000002a005000 	/System/Library/Frameworks/ApplicationServices.framework/Versions/A/Frameworks/PrintCore.framework/Versions/A/PrintCore
0x000000002a005000 	/System/Library/Frameworks/ApplicationServices.framework/Versions/A/Frameworks/QD.framework/Versions/A/QD
0x000000002a005000 	/System/Library/Frameworks/ApplicationServices.framework/Versions/A/Frameworks/SpeechSynthesis.framework/Versions/A/SpeechSynthesis
0x000000002a005000 	/System/Library/Frameworks/Accelerate.framework/Versions/A/Frameworks/vImage.framework/Versions/A/vImage
0x000000002a005000 	/System/Library/Frameworks/Accelerate.framework/Versions/A/Frameworks/vecLib.framework/Versions/A/vecLib
0x000000002a005000 	/System/Library/Frameworks/Accelerate.framework/Versions/A/Frameworks/vecLib.framework/Versions/A/libvDSP.dylib
0x000000002a005000 	/System/Library/Frameworks/Accelerate.framework/Versions/A/Frameworks/vecLib.framework/Versions/A/libBNNS.dylib
0x000000002a005000 	/System/Library/Frameworks/Accelerate.framework/Versions/A/Frameworks/vecLib.framework/Versions/A/libQuadrature.dylib
0x000000002a005000 	/System/Library/Frameworks/Accelerate.framework/Versions/A/Frameworks/vecLib.framework/Versions/A/libvMisc.dylib
0x000000002a005000 	/System/Library/Frameworks/Accelerate.framework/Versions/A/Frameworks/vecLib.framework/Versions/A/libLAPACK.dylib
0x000000002a005000 	/System/Library/Frameworks/Accelerate.framework/Versions/A/Frameworks/vecLib.framework/Versions/A/libBLAS.dylib
0x000000002a005000 	/System/Library/Frameworks/Accelerate.framework/Versions/A/Frameworks/vecLib.framework/Versions/A/libLinearAlgebra.dylib
0x000000002a005000 	/System/Library/Frameworks/Accelerate.framework/Versions/A/Frameworks/vecLib.framework/Versions/A/libSparseBLAS.dylib
0x000000002a005000 	/System/Library/Frameworks/ApplicationServices.framework/Versions/A/Frameworks/ATS.framework/Versions/A/Resources/libFontParser.dylib
0x000000002a005000 	/System/Library/Frameworks/ApplicationServices.framework/Versions/A/Frameworks/ATS.framework/Versions/A/Resources/libFontRegistry.dylib
0x000000002a005000 	/System/Library/Frameworks/ImageIO.framework/Versions/A/Resources/libJPEG.dylib
0x000000002a005000 	/System/Library/Frameworks/ImageIO.framework/Versions/A/Resources/libTIFF.dylib
0x000000002a005000 	/System/Library/Frameworks/ImageIO.framework/Versions/A/Resources/libPng.dylib
0x000000002a005000 	/System/Library/Frameworks/ImageIO.framework/Versions/A/Resources/libGIF.dylib
0x000000002a005000 	/System/Library/Frameworks/ImageIO.framework/Versions/A/Resources/libJP2.dylib
0x000000002a005000 	/System/Library/Frameworks/ImageIO.framework/Versions/A/Resources/libRadiance.dylib
0x000000002a005000 	/usr/lib/libcompression.dylib
0x000000002a005000 	/System/Library/PrivateFrameworks/AppleJPEG.framework/Versions/A/AppleJPEG
0x000000002a005000 	/usr/lib/libcups.2.dylib
0x000000002a005000 	/System/Library/Frameworks/Kerberos.framework/Versions/A/Kerberos
0x000000002a005000 	/System/Library/Frameworks/GSS.framework/Versions/A/GSS
0x000000002a005000 	/usr/lib/libresolv.9.dylib
0x000000002a005000 	/usr/lib/libiconv.2.dylib
0x000000002a005000 	/System/Library/PrivateFrameworks/Heimdal.framework/Versions/A/Heimdal
0x000000002a005000 	/usr/lib/libheimdal-asn1.dylib
0x000000002a005000 	/System/Library/Frameworks/OpenDirectory.framework/Versions/A/OpenDirectory
0x000000002a005000 	/System/Library/PrivateFrameworks/CommonAuth.framework/Versions/A/CommonAuth
0x000000002a005000 	/System/Library/Frameworks/OpenDirectory.framework/Versions/A/Frameworks/CFOpenDirectory.framework/Versions/A/CFOpenDirectory
0x000000002a005000 	/System/Library/Frameworks/SecurityFoundation.framework/Versions/A/SecurityFoundation
0x000000002a005000 	/System/Library/PrivateFrameworks/LanguageModeling.framework/Versions/A/LanguageModeling
0x000000002a005000 	/usr/lib/libmarisa.dylib
0x000000002a005000 	/usr/lib/libChineseTokenizer.dylib
0x000000002a005000 	/usr/lib/libcmph.dylib
0x000000002a005000 	/System/Library/PrivateFrameworks/CoreEmoji.framework/Versions/A/CoreEmoji
0x000000002a005000 	/System/Library/Frameworks/ServiceManagement.framework/Versions/A/ServiceManagement
0x000000002a005000 	/usr/lib/libxslt.1.dylib
0x000000002a005000 	/System/Library/Frameworks/Carbon.framework/Versions/A/Frameworks/Ink.framework/Versions/A/Ink
0x000000002a005000 	/System/Library/PrivateFrameworks/TextureIO.framework/Versions/A/TextureIO
0x000000002a005000 	/System/Library/Frameworks/Metal.framework/Versions/A/Metal
0x000000002a005000 	/usr/lib/libate.dylib
0x000000002a005000 	/System/Library/PrivateFrameworks/GPUCompiler.framework/libmetal_timestamp.dylib
0x000000002a005000 	/System/Library/Frameworks/OpenGL.framework/Versions/A/Libraries/libCoreFSCache.dylib
0x000000002a005000 	/System/Library/PrivateFrameworks/IOAccelerator.framework/Versions/A/IOAccelerator
0x000000002a005000 	/System/Library/Frameworks/CoreVideo.framework/Versions/A/CoreVideo
0x000000002a005000 	/usr/lib/libFosl_dynamic.dylib
0x000000002a005000 	/System/Library/PrivateFrameworks/MetalPerformanceShaders.framework/Versions/A/MetalPerformanceShaders
0x000000002a005000 	/System/Library/PrivateFrameworks/FaceCore.framework/Versions/A/FaceCore
0x000000002a005000 	/System/Library/Frameworks/OpenCL.framework/Versions/A/OpenCL
0x000000002a005000 	/System/Library/Frameworks/OpenGL.framework/Versions/A/Libraries/libGLU.dylib
0x000000002a005000 	/System/Library/Frameworks/OpenGL.framework/Versions/A/Libraries/libGFXShared.dylib
0x000000002a005000 	/System/Library/Frameworks/OpenGL.framework/Versions/A/Libraries/libGL.dylib
0x000000002a005000 	/System/Library/Frameworks/OpenGL.framework/Versions/A/Libraries/libGLImage.dylib
0x000000002a005000 	/System/Library/Frameworks/OpenGL.framework/Versions/A/Libraries/libCVMSPluginSupport.dylib
0x000000002a005000 	/System/Library/Frameworks/OpenGL.framework/Versions/A/Libraries/libCoreVMClient.dylib
0x000000002a005000 	/System/Library/PrivateFrameworks/CrashReporterSupport.framework/Versions/A/CrashReporterSupport
0x000000002a005000 	/System/Library/PrivateFrameworks/Sharing.framework/Versions/A/Sharing
0x000000002a005000 	/System/Library/PrivateFrameworks/IconServices.framework/Versions/A/IconServices
0x000000002a005000 	/System/Library/PrivateFrameworks/ProtocolBuffer.framework/Versions/A/ProtocolBuffer
0x000000002a005000 	/System/Library/PrivateFrameworks/Apple80211.framework/Versions/A/Apple80211
0x000000002a005000 	/System/Library/Frameworks/CoreWLAN.framework/Versions/A/CoreWLAN
0x000000002a005000 	/System/Library/PrivateFrameworks/CoreUtils.framework/Versions/A/CoreUtils
0x000000002a005000 	/System/Library/Frameworks/IOBluetooth.framework/Versions/A/IOBluetooth
0x000000002a005000 	/System/Library/PrivateFrameworks/CoreWiFi.framework/Versions/A/CoreWiFi
0x000000002a005000 	/System/Library/Frameworks/CoreBluetooth.framework/Versions/A/CoreBluetooth
0x000000002a005000 	/System/Library/Frameworks/CoreDisplay.framework/Versions/A/CoreDisplay
0x000000002a005000 	/System/Library/PrivateFrameworks/IOPresentment.framework/Versions/A/IOPresentment
0x000000002a005000 	/System/Library/PrivateFrameworks/DSExternalDisplay.framework/Versions/A/DSExternalDisplay
0x000000002a005000 	/System/Library/PrivateFrameworks/DebugSymbols.framework/Versions/A/DebugSymbols
0x000000002a005000 	/System/Library/PrivateFrameworks/CoreSymbolication.framework/Versions/A/CoreSymbolication
0x000000002a005000 	/System/Library/PrivateFrameworks/Symbolication.framework/Versions/A/Symbolication
0x000000002a005000 	/System/Library/PrivateFrameworks/AppleFSCompression.framework/Versions/A/AppleFSCompression
0x000000002a005000 	/System/Library/PrivateFrameworks/SpeechRecognitionCore.framework/Versions/A/SpeechRecognitionCore
0x000000002a005000 	/System/Library/PrivateFrameworks/ChunkingLibrary.framework/Versions/A/ChunkingLibrary
0x0000000104f79000 	/System/Library/CoreServices/Encodings/libSimplifiedChineseConverter.dylib
0x0000000105800000 	/Library/Java/JavaVirtualMachines/jdk1.8.0_60.jdk/Contents/Home/jre/lib/server/libjvm.dylib
0x000000002a005000 	/usr/lib/libstdc++.6.dylib
0x0000000104fbd000 	/Library/Java/JavaVirtualMachines/jdk1.8.0_60.jdk/Contents/Home/jre/lib/libverify.dylib
0x0000000104fcb000 	/Library/Java/JavaVirtualMachines/jdk1.8.0_60.jdk/Contents/Home/jre/lib/libjava.dylib
0x000000010678a000 	/var/folders/sj/tb9h3rwj5s57jm48ssh3gy8h0000gn/T/jrebel6-temp/lib/libjrebel64.dylib
0x0000000106851000 	/Library/Java/JavaVirtualMachines/jdk1.8.0_60.jdk/Contents/Home/jre/lib/libzip.dylib
0x0000000120dad000 	/System/Library/Frameworks/JavaVM.framework/Frameworks/JavaRuntimeSupport.framework/JavaRuntimeSupport
0x0000000120dc7000 	/System/Library/Frameworks/JavaVM.framework/Versions/A/Frameworks/JavaNativeFoundation.framework/Versions/A/JavaNativeFoundation
0x00000001104ec000 	/System/Library/Frameworks/JavaVM.framework/Versions/A/JavaVM
0x000000002a005000 	/System/Library/Frameworks/Carbon.framework/Versions/A/Carbon
0x0000000120ddc000 	/System/Library/PrivateFrameworks/JavaLaunching.framework/Versions/A/JavaLaunching
0x000000002a005000 	/System/Library/Frameworks/Carbon.framework/Versions/A/Frameworks/CommonPanels.framework/Versions/A/CommonPanels
0x000000002a005000 	/System/Library/Frameworks/Carbon.framework/Versions/A/Frameworks/Help.framework/Versions/A/Help
0x000000002a005000 	/System/Library/Frameworks/Carbon.framework/Versions/A/Frameworks/ImageCapture.framework/Versions/A/ImageCapture
0x000000002a005000 	/System/Library/Frameworks/Carbon.framework/Versions/A/Frameworks/OpenScripting.framework/Versions/A/OpenScripting
0x000000002a005000 	/System/Library/Frameworks/Carbon.framework/Versions/A/Frameworks/Print.framework/Versions/A/Print
0x000000002a005000 	/System/Library/Frameworks/Carbon.framework/Versions/A/Frameworks/SecurityHI.framework/Versions/A/SecurityHI
0x0000000122c50000 	/Library/Java/JavaVirtualMachines/jdk1.8.0_60.jdk/Contents/Home/jre/lib/libmanagement.dylib
0x0000000122c5e000 	/Library/Java/JavaVirtualMachines/jdk1.8.0_60.jdk/Contents/Home/jre/lib/libnet.dylib
0x0000000122cbd000 	/Library/Java/JavaVirtualMachines/jdk1.8.0_60.jdk/Contents/Home/jre/lib/libnio.dylib
0x0000000123012000 	/Library/Java/JavaVirtualMachines/jdk1.8.0_60.jdk/Contents/Home/jre/lib/libsunec.dylib

VM Arguments:
jvm_args: -Drebel.base=/Users/yangyang/.jrebel -Drebel.env.ide.plugin.version=7.0.5 -Drebel.env.ide.version=2016.3.2 -Drebel.env.ide.product=IU -Drebel.env.ide=intellij -Drebel.notification.url=http://localhost:17434 -agentpath:/var/folders/sj/tb9h3rwj5s57jm48ssh3gy8h0000gn/T/jrebel6-temp/lib/libjrebel64.dylib -ea -Didea.launcher.port=7534 -Didea.launcher.bin.path=/Applications/IntelliJ IDEA.app/Contents/bin -Dfile.encoding=UTF-8 
java_command: com.intellij.rt.execution.application.AppMain com.intellij.rt.execution.junit.JUnitStarter -ideVersion5 @w@/private/var/folders/sj/tb9h3rwj5s57jm48ssh3gy8h0000gn/T/idea_working_dirs_junit.tmp @/private/var/folders/sj/tb9h3rwj5s57jm48ssh3gy8h0000gn/T/idea_junit.tmp
java_class_path (initial): /Applications/IntelliJ IDEA.app/Contents/lib/idea_rt.jar:/Applications/IntelliJ IDEA.app/Contents/plugins/junit/lib/junit-rt.jar:/Library/Java/JavaVirtualMachines/jdk1.8.0_60.jdk/Contents/Home/jre/lib/charsets.jar:/Library/Java/JavaVirtualMachines/jdk1.8.0_60.jdk/Contents/Home/jre/lib/deploy.jar:/Library/Java/JavaVirtualMachines/jdk1.8.0_60.jdk/Contents/Home/jre/lib/ext/cldrdata.jar:/Library/Java/JavaVirtualMachines/jdk1.8.0_60.jdk/Contents/Home/jre/lib/ext/dnsns.jar:/Library/Java/JavaVirtualMachines/jdk1.8.0_60.jdk/Contents/Home/jre/lib/ext/jaccess.jar:/Library/Java/JavaVirtualMachines/jdk1.8.0_60.jdk/Contents/Home/jre/lib/ext/jfxrt.jar:/Library/Java/JavaVirtualMachines/jdk1.8.0_60.jdk/Contents/Home/jre/lib/ext/localedata.jar:/Library/Java/JavaVirtualMachines/jdk1.8.0_60.jdk/Contents/Home/jre/lib/ext/nashorn.jar:/Library/Java/JavaVirtualMachines/jdk1.8.0_60.jdk/Contents/Home/jre/lib/ext/sunec.jar:/Library/Java/JavaVirtualMachines/jdk1.8.0_60.jdk/Contents/Home/jre/lib/ext/sunjce_provider.jar:/Library/Java/JavaVirtualMachines/jdk1.8.0_60.jdk/Contents/Home/jre/lib/ext/sunpkcs11.jar:/Library/Java/JavaVirtualMachines/jdk1.8.0_60.jdk/Contents/Home/jre/lib/ext/zipfs.jar:/Library/Java/JavaVirtualMachines/jdk1.8.0_60.jdk/Contents/Home/jre/lib/javaws.jar:/Library/Java/JavaVirtualMachines/jdk1.8.0_60.jdk/Contents/Home/jre/lib/jce.jar:/Library/Java/JavaVirtualMachines/jdk1.8.0_60.jdk/Contents/Home/jre/lib/jfr.jar:/Library/Java/JavaVirtualMachines/jdk1.8.0_60.jdk/Contents/Home/jre/lib/jfxswt.jar:/Library/Java/JavaVirtualMachines/jdk1.8.0_60.jdk/Contents/Home/jre/lib/jsse.jar:/Library/Java/JavaVirtualMachines/jdk1.8.0_60.jdk/Contents/Home/jre/lib/management-agent.jar:/Library/Java/JavaVirtualMachines/jdk1.8.0_60.jdk/Contents/Home/jre/lib/plugin.jar:/Library/Java/JavaVirtualMachines/jdk1.8.0_60.jdk/Contents/Home/jre/lib/resources.jar:/Library/Java/JavaVirtualMachines/jdk1.8.0_60.jdk/Contents/Home/jre/lib/rt.jar:/Library/Java/JavaVirtualMachines/jdk1.8
Launcher Type: SUN_STANDARD

Environment Variables:
PATH=/opt/local/bin:/opt/local/sbin:/opt/local/bin:/opt/local/sbin:/usr/local/bin:/usr/bin:/bin:/usr/sbin:/sbin:/usr/local/graphicsmagick-1.3.18/bin:JAVA_HOME=/Library/Java/JavaVirtualMachines/jdk1.8.0_60.jdk/Contents/Home:/usr/local/cassandra-2.1.9/bin:/Users/yangyang/Workspaces/maven-3.3.9//bin
SHELL=/bin/bash

Signal Handlers:
SIGSEGV: [libjvm.dylib+0x5a6d31], sa_mask[0]=11111111011111110111111111111111, sa_flags=SA_ONSTACK|SA_RESTART|SA_SIGINFO
SIGBUS: [libjvm.dylib+0x5a6d31], sa_mask[0]=11111111011111110111111111111111, sa_flags=SA_RESTART|SA_SIGINFO
SIGFPE: [libjvm.dylib+0x480a4c], sa_mask[0]=11111111011111110111111111111111, sa_flags=SA_RESTART|SA_SIGINFO
SIGPIPE: [libjvm.dylib+0x480a4c], sa_mask[0]=11111111011111110111111111111111, sa_flags=SA_RESTART|SA_SIGINFO
SIGXFSZ: [libjvm.dylib+0x480a4c], sa_mask[0]=11111111011111110111111111111111, sa_flags=SA_RESTART|SA_SIGINFO
SIGILL: [libjvm.dylib+0x480a4c], sa_mask[0]=11111111011111110111111111111111, sa_flags=SA_RESTART|SA_SIGINFO
SIGUSR1: SIG_DFL, sa_mask[0]=00000000000000000000000000000000, sa_flags=none
SIGUSR2: [libjvm.dylib+0x48056a], sa_mask[0]=00100000000000000000000000000000, sa_flags=SA_RESTART|SA_SIGINFO
SIGHUP: [libjvm.dylib+0x47eb41], sa_mask[0]=11111111011111110111111111111111, sa_flags=SA_RESTART|SA_SIGINFO
SIGINT: [libjvm.dylib+0x47eb41], sa_mask[0]=11111111011111110111111111111111, sa_flags=SA_RESTART|SA_SIGINFO
SIGTERM: [libjvm.dylib+0x47eb41], sa_mask[0]=11111111011111110111111111111111, sa_flags=SA_RESTART|SA_SIGINFO
SIGQUIT: [libjvm.dylib+0x47eb41], sa_mask[0]=11111111011111110111111111111111, sa_flags=SA_RESTART|SA_SIGINFO


---------------  S Y S T E M  ---------------

OS:Bsduname:Darwin 16.7.0 Darwin Kernel Version 16.7.0: Thu Jun 15 17:36:27 PDT 2017; root:xnu-3789.70.16~2/RELEASE_X86_64 x86_64
rlimit: STACK 8192k, CORE 0k, NPROC 709, NOFILE 10240, AS infinity
load average:7.15 4.19 3.32

CPU:total 4 (2 cores per cpu, 2 threads per core) family 6 model 61 stepping 4, cmov, cx8, fxsr, mmx, sse, sse2, sse3, ssse3, sse4.1, sse4.2, popcnt, avx, avx2, aes, clmul, erms, 3dnowpref, lzcnt, ht, tsc, tscinvbit, bmi1, bmi2, adx

Memory: 4k page, physical 16777216k(280412k free)

/proc/meminfo:


vm_info: Java HotSpot(TM) 64-Bit Server VM (25.60-b23) for bsd-amd64 JRE (1.8.0_60-b27), built on Aug  4 2015 10:47:24 by "java_re" with gcc 4.2.1 (Based on Apple Inc. build 5658) (LLVM build 2336.11.00)

time: Wed Jul 26 15:00:35 2017
elapsed time: 4 seconds (0d 0h 0m 4s)

